#
# A fatal error has been detected by the Java Runtime Environment:
#
#  EXCEPTION_ACCESS_VIOLATION (0xc0000005) at pc=0x00007ffddddc810b, pid=25544, tid=0x000000000000623c
#
# JRE version: Java(TM) SE Runtime Environment (8.0_181-b13) (build 1.8.0_181-b13)
# Java VM: Java HotSpot(TM) 64-Bit Server VM (25.181-b13 mixed mode windows-amd64 compressed oops)
# Problematic frame:
# C  [rubberband-library.dll+0xa810b]
#
# Failed to write core dump. Minidumps are not enabled by default on client versions of Windows
#
# If you would like to submit a bug report, please visit:
#   http://bugreport.java.com/bugreport/crash.jsp
# The crash happened outside the Java Virtual Machine in native code.
# See problematic frame for where to report the bug.
#

---------------  T H R E A D  ---------------

Current thread (0x00000000032e2800):  JavaThread "main" [_thread_in_native, id=25148, stack(0x00000000031e0000,0x00000000032e0000)]

siginfo: ExceptionCode=0xc0000005, reading address 0x0000000000000000

Registers:
RAX=0x0000000000000000, RBX=0x000000001b5d2bd0, RCX=0x0000000000000000, RDX=0x00000000032df230
RSP=0x00000000032df120, RBP=0x00000000032df200, RSI=0x0000000000000021, RDI=0x0000000000000000
R8 =0x0000000000000042, R9 =0x0000000775b9d830, R10=0x000000000000000a, R11=0x000000005ca94970
R12=0x0000000000000000, R13=0x000000001b5d2bd0, R14=0x00000000032df230, R15=0x00000000032e2800
RIP=0x00007ffddddc810b, EFLAGS=0x0000000000010202

Top of Stack: (sp=0x00000000032df120)
0x00000000032df120:   00000000032fd540 0000000000000042
0x00000000032df130:   0000000000000000 00000000032e2800
0x00000000032df140:   0000000000000000 00007ffdddd82592
0x00000000032df150:   0000000000000000 3ff0000000000000
0x00000000032df160:   000000001b5d2bd0 0000000000000021
0x00000000032df170:   0000000000000000 00000000033f8627
0x00000000032df180:   00000000032e29f8 00000000032df230
0x00000000032df190:   3ff0000000000000 000000001b5d2bd0
0x00000000032df1a0:   0000000000000021 00000000032e2800
0x00000000032df1b0:   00000000032df2d0 00000000033f8322
0x00000000032df1c0:   00000000032df1c0 000000001b5d2bd0
0x00000000032df1d0:   00000000032df230 000000001b5d3df0
0x00000000032df1e0:   0000000000000000 000000001b5d2bd0
0x00000000032df1f0:   0000000000000000 00000000032df220
0x00000000032df200:   00000000032df278 00000000033e835d
0x00000000032df210:   0000000000000000 00000000033f21d8 

Instructions: (pc=0x00007ffddddc810b)
0x00007ffddddc80eb:   cc cc cc cc cc f2 0f 11 4c 24 10 48 89 4c 24 08
0x00007ffddddc80fb:   57 48 83 ec 20 f2 0f 10 4c 24 38 48 8b 44 24 30
0x00007ffddddc810b:   48 8b 08 e8 ea a5 f5 ff 48 83 c4 20 5f c3 cc cc
0x00007ffddddc811b:   cc cc cc cc cc f2 0f 11 4c 24 10 48 89 4c 24 08 


Register to memory mapping:

RAX=0x0000000000000000 is an unknown value
RBX={method} {0x000000001b5d2bd8} 'setTimeRatio' '(D)V' in 'com/breakfastquay/rubberband/RubberBandStretcher'
RCX=0x0000000000000000 is an unknown value
RDX=0x00000000032df230 is pointing into the stack for thread: 0x00000000032e2800
RSP=0x00000000032df120 is pointing into the stack for thread: 0x00000000032e2800
RBP=0x00000000032df200 is pointing into the stack for thread: 0x00000000032e2800
RSI=0x0000000000000021 is an unknown value
RDI=0x0000000000000000 is an unknown value
R8 =0x0000000000000042 is an unknown value
R9 =0x0000000775b9d830 is an oop
com.breakfastquay.rubberband.RubberBandStretcher 
 - klass: 'com/breakfastquay/rubberband/RubberBandStretcher'
R10=0x000000000000000a is an unknown value
R11=0x000000005ca94970 is an unknown value
R12=0x0000000000000000 is an unknown value
R13={method} {0x000000001b5d2bd8} 'setTimeRatio' '(D)V' in 'com/breakfastquay/rubberband/RubberBandStretcher'
R14=0x00000000032df230 is pointing into the stack for thread: 0x00000000032e2800
R15=0x00000000032e2800 is a thread


Stack: [0x00000000031e0000,0x00000000032e0000],  sp=0x00000000032df120,  free space=1020k
Native frames: (J=compiled Java code, j=interpreted, Vv=VM code, C=native code)
C  [rubberband-library.dll+0xa810b]
C  [rubberband-library.dll+0x62592]
C  0x00000000033f8627

Java frames: (J=compiled Java code, j=interpreted, Vv=VM code)
j  com.breakfastquay.rubberband.RubberBandStretcher.setTimeRatio(D)V+0
j  org.example.Main.processAudioData(Ljavax/sound/sampled/AudioInputStream;Lcom/breakfastquay/rubberband/RubberBandStretcher;Ljavax/sound/sampled/AudioFormat;Ljava/io/File;)V+122
j  org.example.Main.main([Ljava/lang/String;)V+91
v  ~StubRoutines::call_stub

---------------  P R O C E S S  ---------------

Java Threads: ( => current thread )
  0x000000001db67800 JavaThread "Service Thread" daemon [_thread_blocked, id=23600, stack(0x000000001e6a0000,0x000000001e7a0000)]
  0x000000001daee800 JavaThread "C1 CompilerThread3" daemon [_thread_blocked, id=2544, stack(0x000000001e5a0000,0x000000001e6a0000)]
  0x000000001dae0800 JavaThread "C2 CompilerThread2" daemon [_thread_blocked, id=23232, stack(0x000000001e4a0000,0x000000001e5a0000)]
  0x000000001dad3000 JavaThread "C2 CompilerThread1" daemon [_thread_blocked, id=27220, stack(0x000000001e3a0000,0x000000001e4a0000)]
  0x000000001dad1000 JavaThread "C2 CompilerThread0" daemon [_thread_blocked, id=11424, stack(0x000000001e2a0000,0x000000001e3a0000)]
  0x000000001dacc000 JavaThread "Attach Listener" daemon [_thread_blocked, id=10600, stack(0x000000001e1a0000,0x000000001e2a0000)]
  0x000000001dacb000 JavaThread "Signal Dispatcher" daemon [_thread_blocked, id=26048, stack(0x000000001e0a0000,0x000000001e1a0000)]
  0x000000001dac0800 JavaThread "Finalizer" daemon [_thread_blocked, id=24620, stack(0x000000001dea0000,0x000000001dfa0000)]
  0x00000000033da800 JavaThread "Reference Handler" daemon [_thread_blocked, id=23772, stack(0x000000001d9a0000,0x000000001daa0000)]
=>0x00000000032e2800 JavaThread "main" [_thread_in_native, id=25148, stack(0x00000000031e0000,0x00000000032e0000)]

Other Threads:
  0x000000001bbb9800 VMThread [stack: 0x000000001d8a0000,0x000000001d9a0000] [id=12960]
  0x000000001db71800 WatcherThread [stack: 0x000000001e7a0000,0x000000001e8a0000] [id=22604]

VM state:not at safepoint (normal execution)

VM Mutex/Monitor currently owned by a thread: None

Heap:
 PSYoungGen      total 67072K, used 29332K [0x0000000775b00000, 0x000000077a580000, 0x00000007c0000000)
  eden space 57856K, 50% used [0x0000000775b00000,0x00000007777a5300,0x0000000779380000)
  from space 9216K, 0% used [0x0000000779c80000,0x0000000779c80000,0x000000077a580000)
  to   space 9216K, 0% used [0x0000000779380000,0x0000000779380000,0x0000000779c80000)
 ParOldGen       total 153088K, used 0K [0x00000006e1000000, 0x00000006ea580000, 0x0000000775b00000)
  object space 153088K, 0% used [0x00000006e1000000,0x00000006e1000000,0x00000006ea580000)
 Metaspace       used 2947K, capacity 4562K, committed 4864K, reserved 1056768K
  class space    used 323K, capacity 386K, committed 512K, reserved 1048576K

Card table byte_map: [0x00000000127a0000,0x0000000012ea0000] byte_map_base: 0x000000000f098000

Marking Bits: (ParMarkBitMap*) 0x000000005caa2d00
 Begin Bits: [0x0000000013b50000, 0x0000000017310000)
 End Bits:   [0x0000000017310000, 0x000000001aad0000)

Polling page: 0x00000000030a0000

CodeCache: size=245760Kb used=1284Kb max_used=1284Kb free=244475Kb
 bounds [0x00000000033e0000, 0x0000000003650000, 0x00000000123e0000]
 total_blobs=354 nmethods=117 adapters=151
 compilation: enabled

Compilation events (10 events):
Event: 2.488 Thread 0x000000001daee800  110       3       com.breakfastquay.rubberband.RubberBandStretcher::process (12 bytes)
Event: 2.488 Thread 0x000000001daee800 nmethod 110 0x000000000351ec50 code [0x000000000351edc0, 0x000000000351efa8]
Event: 2.493 Thread 0x000000001daee800  112  s    3       java.io.ByteArrayOutputStream::write (66 bytes)
Event: 2.494 Thread 0x000000001daee800 nmethod 112 0x000000000351f0d0 code [0x000000000351f280, 0x000000000351f8a8]
Event: 2.717 Thread 0x000000001daee800  113       3       java.io.BufferedInputStream::fill (233 bytes)
Event: 2.718 Thread 0x000000001daee800 nmethod 113 0x000000000351fad0 code [0x000000000351fd40, 0x0000000003520c58]
Event: 3.128 Thread 0x000000001daee800  114       3       java.io.FileInputStream::read (8 bytes)
Event: 3.129 Thread 0x000000001daee800 nmethod 114 0x0000000003521510 code [0x0000000003521680, 0x0000000003521808]
Event: 3.229 Thread 0x000000001daee800  116       3       java.io.FileInputStream::available (5 bytes)
Event: 3.229 Thread 0x000000001daee800 nmethod 116 0x0000000003521c50 code [0x0000000003521dc0, 0x0000000003521f48]

GC Heap History (0 events):
No events

Deoptimization events (0 events):
No events

Classes redefined (0 events):
No events

Internal exceptions (8 events):
Event: 0.058 Thread 0x00000000032e2800 Exception <a 'java/lang/NoSuchMethodError': Method sun.misc.Unsafe.defineClass(Ljava/lang/String;[BII)Ljava/lang/Class; name or signature does not match> (0x0000000775b07cb0) thrown at [C:\re\workspace\8-2-build-windows-amd64-cygwin\jdk8u181\11358\hotspot
Event: 0.059 Thread 0x00000000032e2800 Exception <a 'java/lang/NoSuchMethodError': Method sun.misc.Unsafe.prefetchRead(Ljava/lang/Object;J)V name or signature does not match> (0x0000000775b07f98) thrown at [C:\re\workspace\8-2-build-windows-amd64-cygwin\jdk8u181\11358\hotspot\src\share\vm\prim
Event: 0.146 Thread 0x00000000032e2800 Exception <a 'java/security/PrivilegedActionException'> (0x0000000775b85110) thrown at [C:\re\workspace\8-2-build-windows-amd64-cygwin\jdk8u181\11358\hotspot\src\share\vm\prims\jvm.cpp, line 1435]
Event: 0.146 Thread 0x00000000032e2800 Exception <a 'java/security/PrivilegedActionException'> (0x0000000775b85320) thrown at [C:\re\workspace\8-2-build-windows-amd64-cygwin\jdk8u181\11358\hotspot\src\share\vm\prims\jvm.cpp, line 1435]
Event: 0.147 Thread 0x00000000032e2800 Exception <a 'java/security/PrivilegedActionException'> (0x0000000775b879f8) thrown at [C:\re\workspace\8-2-build-windows-amd64-cygwin\jdk8u181\11358\hotspot\src\share\vm\prims\jvm.cpp, line 1435]
Event: 0.147 Thread 0x00000000032e2800 Exception <a 'java/security/PrivilegedActionException'> (0x0000000775b87c08) thrown at [C:\re\workspace\8-2-build-windows-amd64-cygwin\jdk8u181\11358\hotspot\src\share\vm\prims\jvm.cpp, line 1435]
Event: 0.151 Thread 0x00000000032e2800 Exception <a 'java/security/PrivilegedActionException'> (0x0000000775b92350) thrown at [C:\re\workspace\8-2-build-windows-amd64-cygwin\jdk8u181\11358\hotspot\src\share\vm\prims\jvm.cpp, line 1435]
Event: 0.151 Thread 0x00000000032e2800 Exception <a 'java/security/PrivilegedActionException'> (0x0000000775b92560) thrown at [C:\re\workspace\8-2-build-windows-amd64-cygwin\jdk8u181\11358\hotspot\src\share\vm\prims\jvm.cpp, line 1435]

Events (10 events):
Event: 0.182 loading class java/nio/ByteBufferAsFloatBufferL
Event: 0.182 loading class java/nio/FloatBuffer
Event: 0.182 loading class java/nio/FloatBuffer done
Event: 0.182 loading class java/nio/ByteBufferAsFloatBufferL done
Event: 0.616 Thread 0x00000000032e2800 DEOPT PACKING pc=0x000000000350c0fb sp=0x00000000032df120
Event: 0.616 Thread 0x00000000032e2800 DEOPT UNPACKING pc=0x0000000003427490 sp=0x00000000032deed0 mode 0
Event: 0.657 Thread 0x00000000032e2800 DEOPT PACKING pc=0x000000000350f909 sp=0x00000000032df0a0
Event: 0.657 Thread 0x00000000032e2800 DEOPT UNPACKING pc=0x0000000003427490 sp=0x00000000032dee68 mode 0
Event: 4.156 Executing VM operation: EnableBiasedLocking
Event: 4.156 Executing VM operation: EnableBiasedLocking done


Dynamic libraries:
0x00007ff6a4d80000 - 0x00007ff6a4db7000 	D:\jdk1.8.0_181\bin\java.exe
0x00007ffe97910000 - 0x00007ffe97b27000 	C:\WINDOWS\SYSTEM32\ntdll.dll
0x00007ffe96440000 - 0x00007ffe96504000 	C:\WINDOWS\System32\KERNEL32.DLL
0x00007ffe94e10000 - 0x00007ffe951b5000 	C:\WINDOWS\System32\KERNELBASE.dll
0x00007ffe959f0000 - 0x00007ffe95aa1000 	C:\WINDOWS\System32\ADVAPI32.dll
0x00007ffe97240000 - 0x00007ffe972e7000 	C:\WINDOWS\System32\msvcrt.dll
0x00007ffe957d0000 - 0x00007ffe95876000 	C:\WINDOWS\System32\sechost.dll
0x00007ffe96510000 - 0x00007ffe96627000 	C:\WINDOWS\System32\RPCRT4.dll
0x00007ffe96ad0000 - 0x00007ffe96c7e000 	C:\WINDOWS\System32\USER32.dll
0x00007ffe95320000 - 0x00007ffe95346000 	C:\WINDOWS\System32\win32u.dll
0x00007ffe95b60000 - 0x00007ffe95b89000 	C:\WINDOWS\System32\GDI32.dll
0x00007ffe94c80000 - 0x00007ffe94d99000 	C:\WINDOWS\System32\gdi32full.dll
0x00007ffe95280000 - 0x00007ffe9531a000 	C:\WINDOWS\System32\msvcp_win.dll
0x00007ffe95350000 - 0x00007ffe95461000 	C:\WINDOWS\System32\ucrtbase.dll
0x00007ffe81a20000 - 0x00007ffe81cb3000 	C:\WINDOWS\WinSxS\amd64_microsoft.windows.common-controls_6595b64144ccf1df_6.0.22621.2506_none_270c5ae97388e100\COMCTL32.dll
0x00007ffe95b90000 - 0x00007ffe95bc1000 	C:\WINDOWS\System32\IMM32.DLL
0x000000005cb30000 - 0x000000005cc02000 	D:\jdk1.8.0_181\jre\bin\msvcr100.dll
0x000000005c280000 - 0x000000005cb22000 	D:\jdk1.8.0_181\jre\bin\server\jvm.dll
0x00007ffe8b7d0000 - 0x00007ffe8b7da000 	C:\WINDOWS\SYSTEM32\VERSION.dll
0x00007ffe8e700000 - 0x00007ffe8e709000 	C:\WINDOWS\SYSTEM32\WSOCK32.dll
0x00007ffe87820000 - 0x00007ffe87854000 	C:\WINDOWS\SYSTEM32\WINMM.dll
0x00007ffe96e90000 - 0x00007ffe96e98000 	C:\WINDOWS\System32\PSAPI.DLL
0x00007ffe972f0000 - 0x00007ffe97361000 	C:\WINDOWS\System32\WS2_32.dll
0x000000005c270000 - 0x000000005c27f000 	D:\jdk1.8.0_181\jre\bin\verify.dll
0x000000005c240000 - 0x000000005c269000 	D:\jdk1.8.0_181\jre\bin\java.dll
0x0000000180000000 - 0x0000000180031000 	C:\WINDOWS\SYSTEM32\jvmhook.dll
0x00007ffe96ce0000 - 0x00007ffe96e80000 	C:\WINDOWS\System32\ole32.dll
0x00007ffe96ea0000 - 0x00007ffe97229000 	C:\WINDOWS\System32\combase.dll
0x00007ffe96630000 - 0x00007ffe96707000 	C:\WINDOWS\System32\OLEAUT32.dll
0x00007ffe59a80000 - 0x00007ffe59ab1000 	C:\WINDOWS\SYSTEM32\atl110.DLL
0x00007ffe7e1f0000 - 0x00007ffe7e297000 	C:\WINDOWS\SYSTEM32\MSVCP110.dll
0x00007ffe7e2a0000 - 0x00007ffe7e374000 	C:\WINDOWS\SYSTEM32\MSVCR110.dll
0x000000005c220000 - 0x000000005c236000 	D:\jdk1.8.0_181\jre\bin\zip.dll
0x00007ffe95bd0000 - 0x00007ffe96429000 	C:\WINDOWS\System32\SHELL32.dll
0x00007ffe92ac0000 - 0x00007ffe933b4000 	C:\WINDOWS\SYSTEM32\windows.storage.dll
0x00007ffe928d0000 - 0x00007ffe92a0e000 	C:\WINDOWS\SYSTEM32\wintypes.dll
0x00007ffe967a0000 - 0x00007ffe96893000 	C:\WINDOWS\System32\SHCORE.dll
0x00007ffe973f0000 - 0x00007ffe9744e000 	C:\WINDOWS\System32\shlwapi.dll
0x00007ffe94bb0000 - 0x00007ffe94bd6000 	C:\WINDOWS\SYSTEM32\profapi.dll
0x00007ffddde30000 - 0x00007ffdde025000 	D:\MyProjects\RubberBand\RubberBand\ntdll.dll
0x00007ffe45be0000 - 0x00007ffe45d9b000 	D:\MyProjects\RubberBand\RubberBand\ucrtbased.dll
0x00007ffe8ff20000 - 0x00007ffe8ff2f000 	D:\MyProjects\RubberBand\RubberBand\vcruntime140_1d.dll
0x00007ffe4e3f0000 - 0x00007ffe4e412000 	C:\WINDOWS\SYSTEM32\VCRUNTIME140D.dll
0x00007ffe4a4c0000 - 0x00007ffe4a57d000 	D:\MyProjects\RubberBand\RubberBand\kernel32.dll
0x00007ffe4e3c0000 - 0x00007ffe4e3e2000 	D:\MyProjects\RubberBand\RubberBand\vcruntime140d.dll
0x00007ffe2a9e0000 - 0x00007ffe2aad6000 	D:\MyProjects\RubberBand\RubberBand\msvcp140d.dll
0x00007ffdddd20000 - 0x00007ffddde28000 	D:\MyProjects\RubberBand\RubberBand\rubberband-library.dll
0x00007ffe92620000 - 0x00007ffe92853000 	C:\WINDOWS\SYSTEM32\dbghelp.dll
0x00007ffe95470000 - 0x00007ffe954ea000 	C:\WINDOWS\System32\bcryptPrimitives.dll

VM Arguments:
jvm_args: -agentlib:jvmhook -Djava.library.path=D:/MyProjects/RubberBand/RubberBand -Dfile.encoding=windows-1252 -Duser.country=US -Duser.language=en -Duser.variant -Xrunjvmhook -Xbootclasspath/a:C:\Program Files (x86)\HP\Unified Functional Testing\bin\java_shared\classes;C:\Program Files (x86)\HP\Unified Functional Testing\\bin\java_shared\classes\jasmine.jar 
java_command: org.example.Main
java_class_path (initial): D:\MyProjects\RubberBand\RubberBand\build\classes\java\main;D:\MyProjects\RubberBand\RubberBand\build\resources\main
Launcher Type: SUN_STANDARD

Environment Variables:
JAVA_TOOL_OPTIONS=-agentlib:jvmhook
_JAVA_OPTIONS=-Xrunjvmhook -Xbootclasspath/a:"C:\Program Files (x86)\HP\Unified Functional Testing\bin\java_shared\classes";"C:\Program Files (x86)\HP\Unified Functional Testing\\bin\java_shared\classes\jasmine.jar"
PATH=C:\Python39\Scripts\;C:\Python39\;C:\WINDOWS\system32;C:\WINDOWS;C:\WINDOWS\System32\Wbem;C:\WINDOWS\System32\WindowsPowerShell\v1.0\;C:\WINDOWS\System32\OpenSSH\;C:\ProgramData\chocolatey\bin;C:\Program Files (x86)\HP\Unified Functional Testing\bin;C:\Program Files\dotnet\;C:\Program Files\TortoiseSVN\bin;C:\Program Files\gs\gs10.00.0\bin;C:\Program Files\TortoiseGit\bin;C:\Program Files\Git\cmd;C:\Program Files\PuTTY\;C:\Users\azar\AppData\Local\Microsoft\WindowsApps;C:\Users\azar\AppData\Local\JetBrains\IntelliJ IDEA 2021.2\bin;;C:\Users\azar\AppData\Local\JetBrains\IntelliJ IDEA Community Edition 2021.3.3\bin;;C:\Users\azar\Downloads\apache-maven-3.8.6-bin\apache-maven-3.8.6\bin;;C:\Users\azar\AppData\Local\Programs\Microsoft VS Code\bin;C:\Program Files (x86)\HP\Unified Functional Testing\\bin64;C:\Program Files (x86)\HP\Unified Functional Testing\\bin64;C:\Program Files (x86)\HP\Unified Functional Testing\\bin64
USERNAME=azar
OS=Windows_NT
PROCESSOR_IDENTIFIER=AMD64 Family 23 Model 17 Stepping 0, AuthenticAMD



---------------  S Y S T E M  ---------------

OS: Windows 10.0 , 64 bit Build 22621 (10.0.22621.2506)

CPU:total 8 (initial active 8) (8 cores per cpu, 1 threads per core) family 23 model 17 stepping 0, cmov, cx8, fxsr, mmx, sse, sse2, sse3, ssse3, sse4.1, sse4.2, popcnt, avx, avx2, aes, clmul, mmxext, 3dnowpref, lzcnt, sse4a, tsc, tscinvbit, tscinv, bmi1

Memory: 4k page, physical 14606592k(3045232k free), swap 33480960k(10873016k free)

vm_info: Java HotSpot(TM) 64-Bit Server VM (25.181-b13) for windows-amd64 JRE (1.8.0_181-b13), built on Jul  7 2018 04:01:33 by "java_re" with MS VC++ 10.0 (VS2010)

time: Thu Dec 21 19:57:23 2023
elapsed time: 5 seconds (0d 0h 0m 5s)

